\BOOKMARK [-1][]{1.-1}{Busca}{}% 1
\BOOKMARK [0][]{2.0}{T\363picos}{1.-1}% 2
\BOOKMARK [0][]{3.0}{Introdu\347\343o e Objetivo}{1.-1}% 3
\BOOKMARK [0][]{4.0}{Busca Sequencial}{1.-1}% 4
\BOOKMARK [0][]{5.0}{Busca Sequencial}{1.-1}% 5
\BOOKMARK [0][]{6.0}{Busca Bin\341ria}{1.-1}% 6
\BOOKMARK [0][]{9.0}{An\341lise do Algoritmo de Busca Bin\341ria}{1.-1}% 7
\BOOKMARK [0][]{10.0}{Implementa\347\343o recursiva do Algoritmo de Busca Bin\341ria}{1.-1}% 8
\BOOKMARK [0][]{12.0}{Busca em uma Lista Encadeada}{1.-1}% 9
\BOOKMARK [0][]{13.0}{\301rvore Bin\341ria de Busca}{1.-1}% 10
\BOOKMARK [0][]{15.0}{M\351todos de uma \301rvore Bin\341ria de Busca}{1.-1}% 11
\BOOKMARK [0][]{16.0}{Imprimindo o conte\372do ordenado}{1.-1}% 12
\BOOKMARK [0][]{17.0}{Buscando por conte\372do na \341rvore}{1.-1}% 13
\BOOKMARK [0][]{18.0}{Buscando por conte\372do na \341rvore}{1.-1}% 14
\BOOKMARK [0][]{19.0}{Inserindo conte\372do na \341rvore}{1.-1}% 15
\BOOKMARK [0][]{20.0}{Estrutura de uma \341rvore bin\341ria de busca}{1.-1}% 16
\BOOKMARK [0][]{21.0}{Fun\347\343o que retira um elemento da \341rvore}{1.-1}% 17
\BOOKMARK [0][]{22.0}{Exclus\343o na folha}{1.-1}% 18
\BOOKMARK [0][]{23.0}{Exclus\343o de um n\363 com um filho}{1.-1}% 19
\BOOKMARK [0][]{24.0}{Exclus\343o de um n\363 com dois filhos}{1.-1}% 20
\BOOKMARK [0][]{25.0}{Retirando um elemento da \341rvore}{1.-1}% 21
\BOOKMARK [0][]{26.0}{Retirando um elemento da \341rvore com dois filhos}{1.-1}% 22
\BOOKMARK [0][]{27.0}{Considera\347\365es Finais}{1.-1}% 23
\BOOKMARK [0][]{29.0}{Material de consulta e refer\352ncia}{1.-1}% 24
