\BOOKMARK [-1][]{1.-1}{\301rvores}{}% 1
\BOOKMARK [0][]{2.0}{T\363picos}{1.-1}% 2
\BOOKMARK [0][]{3.0}{Introdu\347\343o - \301rvore}{1.-1}% 3
\BOOKMARK [0][]{5.0}{\301rvores Bin\341rias}{1.-1}% 4
\BOOKMARK [0][]{7.0}{\301rvores Bin\341rias - Exemplo}{1.-1}% 5
\BOOKMARK [0][]{9.0}{\301rvores bin\341rias - implementa\347\343o}{1.-1}% 6
\BOOKMARK [0][]{10.0}{Interface do tipo \301rvore}{1.-1}% 7
\BOOKMARK [0][]{11.0}{\301rvores Bin\341rias - implementa\347\343o}{1.-1}% 8
\BOOKMARK [0][]{12.0}{\301rvores Bin\341rias - implementa\347\343o}{1.-1}% 9
\BOOKMARK [0][]{13.0}{\301rvores Bin\341rias - implementa\347\343o}{1.-1}% 10
\BOOKMARK [0][]{14.0}{\301rvores Bin\341rias - implementa\347\343o}{1.-1}% 11
\BOOKMARK [0][]{15.0}{\301rvores Bin\341rias - implementa\347\343o}{1.-1}% 12
\BOOKMARK [0][]{16.0}{\301rvores Bin\341rias - exemplo de uso}{1.-1}% 13
\BOOKMARK [0][]{17.0}{Ordens de percurso em \341rvores bin\341rias}{1.-1}% 14
\BOOKMARK [0][]{19.0}{Exemplos concretos do uso de \341rvores}{1.-1}% 15
\BOOKMARK [0][]{20.0}{Altura de \341rvore bin\341rias}{1.-1}% 16
\BOOKMARK [0][]{21.0}{Altura de \341rvore bin\341rias}{1.-1}% 17
\BOOKMARK [0][]{22.0}{Altura de \341rvore bin\341rias}{1.-1}% 18
\BOOKMARK [0][]{23.0}{Altura de \341rvore bin\341rias}{1.-1}% 19
\BOOKMARK [0][]{24.0}{\301rvores com n\372mero vari\341vel de filhos}{1.-1}% 20
\BOOKMARK [0][]{25.0}{\301rvores com at\351 3 n\363s}{1.-1}% 21
\BOOKMARK [0][]{26.0}{Procurando por um elemento}{1.-1}% 22
\BOOKMARK [0][]{27.0}{\301rvores com at\351 N n\363s fixos}{1.-1}% 23
\BOOKMARK [0][]{28.0}{Representa\347\343o de \341rvore com n\372mero vari\341vel de filhos}{1.-1}% 24
\BOOKMARK [0][]{29.0}{Fun\347\365es de uma \341rvore n-\341ria}{1.-1}% 25
\BOOKMARK [0][]{30.0}{Nodo de uma \341rvore n-\341ria}{1.-1}% 26
\BOOKMARK [0][]{31.0}{Cria\347\343o de nodos em uma \341rvore n-\341ria}{1.-1}% 27
\BOOKMARK [0][]{32.0}{Inser\347\343o em uma \341rvore n-\341ria}{1.-1}% 28
\BOOKMARK [0][]{33.0}{Impress\343o de uma \341rvore n-\341ria}{1.-1}% 29
\BOOKMARK [0][]{34.0}{Busca em uma \341rvore n-\341ria}{1.-1}% 30
\BOOKMARK [0][]{35.0}{Atributos de uma \341rvore n-\341ria}{1.-1}% 31
\BOOKMARK [0][]{36.0}{Exemplo de constru\347\343o e utiliza\347\343o de uma \341rvore n-\341ria}{1.-1}% 32
\BOOKMARK [0][]{38.0}{Topologia Bin\341ria}{1.-1}% 33
\BOOKMARK [0][]{39.0}{Resumo}{1.-1}% 34
\BOOKMARK [0][]{40.0}{Material de consulta e refer\352ncia}{1.-1}% 35
