This is pdfTeX, Version 3.1415926-1.40.10 (TeX Live 2009/Debian) (format=pdflatex 2011.2.6)  20 FEB 2011 18:36
entering extended mode
 restricted \write18 enabled.
 %&-line parsing enabled.
**aListaEncadeada cabecalho.tex
(./aListaEncadeada.tex
LaTeX2e <2009/09/24>
Babel <v3.8l> and hyphenation patterns for english, usenglishmax, dumylang, noh
yphenation, loaded.
(./jomislides.cls
Document Class: jomislides 2002/05/23
(/usr/share/texmf-texlive/tex/latex/seminar/seminar.cls
Document Class: seminar 2008/10/15, 1.5
Document Style: `seminar' v1.5 <2008/10/15> (tvz)
\slidewidth=\dimen102
\slideheight=\dimen103
\footheight=\dimen104
(/usr/share/texmf-texlive/tex/latex/base/article.cls
Document Class: article 2007/10/19 v1.4h Standard LaTeX document class
(/usr/share/texmf-texlive/tex/latex/base/size10.clo
File: size10.clo 2007/10/19 v1.4h Standard LaTeX file (size option)
)
\c@part=\count79
\c@section=\count80
\c@subsection=\count81
\c@subsubsection=\count82
\c@paragraph=\count83
\c@subparagraph=\count84
\c@figure=\count85
\c@table=\count86
\abovecaptionskip=\skip41
\belowcaptionskip=\skip42
\bibindent=\dimen105
)
(/usr/share/texmf-texlive/tex/latex/seminar/sem-page.sty)
\before@document=\toks14
\after@document=\toks15
\before@enddocument=\toks16
\c@slide=\count87
\slide@count=\count88
\@slidebox=\box26
\not@slidebox=\box27
\slide@hook=\toks17
\after@slide=\toks18
\slide@footins=\insert233
\slide@listdepth=\count89
\saved@specials=\box28
\before@newslide=\toks19
\after@slidepage=\toks20
\slidesep=\skip43
\c@note=\count90
\slideframewidth=\dimen106
\slideframesep=\dimen107
\semin=\dimen108
\semcm=\dimen109
)
(/usr/share/texmf-texlive/tex/latex/base/ifthen.sty
Package: ifthen 2001/05/26 v1.1c Standard LaTeX ifthen package (DPC)
)
(/usr/share/texmf-texlive/tex/latex/fancybox/fancybox.sty
Package: fancybox 2000/09/19 1.3

Style option: `fancybox' v1.3 <2000/09/19> (tvz)
\@fancybox=\box29
\shadowsize=\dimen110
\@Sbox=\box30
\do@VerbBox=\toks21
\the@fancyput=\toks22
\this@fancyput=\toks23
\EndVerbatimTokens=\toks24
\Verbatim@Outfile=\write3
\Verbatim@Infile=\read1
) (/usr/share/texmf-texlive/tex/latex/graphics/color.sty
Package: color 2005/11/14 v1.0j Standard LaTeX Color (DPC)

(/etc/texmf/tex/latex/config/color.cfg
File: color.cfg 2007/01/18 v1.5 color configuration of teTeX/TeXLive
)
Package color Info: Driver file: pdftex.def on input line 130.

(/usr/share/texmf-texlive/tex/latex/pdftex-def/pdftex.def
File: pdftex.def 2010/03/12 v0.04p Graphics/color for pdfTeX
\Gread@gobject=\count91
))
(/usr/share/texmf-texlive/tex/latex/graphics/graphicx.sty
Package: graphicx 1999/02/16 v1.0f Enhanced LaTeX Graphics (DPC,SPQR)

(/usr/share/texmf-texlive/tex/latex/graphics/keyval.sty
Package: keyval 1999/03/16 v1.13 key=value parser (DPC)
\KV@toks@=\toks25
)
(/usr/share/texmf-texlive/tex/latex/graphics/graphics.sty
Package: graphics 2009/02/05 v1.0o Standard LaTeX Graphics (DPC,SPQR)

(/usr/share/texmf-texlive/tex/latex/graphics/trig.sty
Package: trig 1999/03/16 v1.09 sin cos tan (DPC)
)
(/etc/texmf/tex/latex/config/graphics.cfg
File: graphics.cfg 2009/08/28 v1.8 graphics configuration of TeX Live
)
Package graphics Info: Driver file: pdftex.def on input line 91.
)
\Gin@req@height=\dimen111
\Gin@req@width=\dimen112
)
(/usr/share/texmf-texlive/tex/latex/seminar/slidesec.sty
File `slidesec.sty' v0.9  92/05/07  <tvz>
\@temptokenb=\toks26
\c@slidesection=\count92
\c@slidesubsection=\count93
) (/usr/share/texmf-texlive/tex/latex/ltxmisc/url.sty
\Urlmuskip=\muskip10
Package: url 2006/04/12  ver 3.3  Verb mode for urls, etc.
)
(/usr/share/texmf-texlive/tex/latex/hyperref/hyperref.sty
Package: hyperref 2009/10/09 v6.79a Hypertext links for LaTeX

(/usr/share/texmf-texlive/tex/generic/oberdiek/ifpdf.sty
Package: ifpdf 2009/04/10 v2.0 Provides the ifpdf switch (HO)
Package ifpdf Info: pdfTeX in pdf mode detected.
)
(/usr/share/texmf-texlive/tex/generic/oberdiek/ifvtex.sty
Package: ifvtex 2008/11/04 v1.4 Switches for detecting VTeX and its modes (HO)
Package ifvtex Info: VTeX not detected.
)
(/usr/share/texmf-texlive/tex/generic/ifxetex/ifxetex.sty
Package: ifxetex 2009/01/23 v0.5 Provides ifxetex conditional
)
(/usr/share/texmf-texlive/tex/latex/oberdiek/hycolor.sty
Package: hycolor 2009/10/02 v1.5 Code for color options of hyperref/bookmark (H
O)

(/usr/share/texmf-texlive/tex/latex/oberdiek/xcolor-patch.sty
Package: xcolor-patch 2009/10/02 xcolor patch
))
\@linkdim=\dimen113
\Hy@linkcounter=\count94
\Hy@pagecounter=\count95

(/usr/share/texmf-texlive/tex/latex/hyperref/pd1enc.def
File: pd1enc.def 2009/10/09 v6.79a Hyperref: PDFDocEncoding definition (HO)
)
(/usr/share/texmf-texlive/tex/generic/oberdiek/etexcmds.sty
Package: etexcmds 2007/12/12 v1.2 Prefix for e-TeX command names (HO)

(/usr/share/texmf-texlive/tex/generic/oberdiek/infwarerr.sty
Package: infwarerr 2007/09/09 v1.2 Providing info/warning/message (HO)
)
Package etexcmds Info: Could not find \expanded.
(etexcmds)             That can mean that you are not using pdfTeX 1.50 or
(etexcmds)             that some package has redefined \expanded.
(etexcmds)             In the latter case, load this package earlier.
)
(/usr/share/texmf-texlive/tex/latex/latexconfig/hyperref.cfg
File: hyperref.cfg 2002/06/06 v1.2 hyperref configuration of TeXLive
)
(/usr/share/texmf-texlive/tex/latex/oberdiek/kvoptions.sty
Package: kvoptions 2009/08/13 v3.4 Keyval support for LaTeX options (HO)

(/usr/share/texmf-texlive/tex/generic/oberdiek/kvsetkeys.sty
Package: kvsetkeys 2009/07/30 v1.5 Key value parser with default handler suppor
t (HO)
))
Package hyperref Info: Hyper figures OFF on input line 2975.
Package hyperref Info: Link nesting OFF on input line 2980.
Package hyperref Info: Hyper index ON on input line 2983.
Package hyperref Info: Plain pages OFF on input line 2990.
Package hyperref Info: Backreferencing OFF on input line 2995.

Implicit mode ON; LaTeX internals redefined
Package hyperref Info: Bookmarks ON on input line 3191.
LaTeX Info: Redefining \url on input line 3428.
(/usr/share/texmf-texlive/tex/generic/oberdiek/bitset.sty
Package: bitset 2007/09/28 v1.0 Data type bit set (HO)

(/usr/share/texmf-texlive/tex/generic/oberdiek/intcalc.sty
Package: intcalc 2007/09/27 v1.1 Expandable integer calculations (HO)
)
(/usr/share/texmf-texlive/tex/generic/oberdiek/bigintcalc.sty
Package: bigintcalc 2007/11/11 v1.1 Expandable big integer calculations (HO)

(/usr/share/texmf-texlive/tex/generic/oberdiek/pdftexcmds.sty
Package: pdftexcmds 2009/09/23 v0.6 LuaTeX support for pdfTeX utility functions
 (HO)

(/usr/share/texmf-texlive/tex/generic/oberdiek/ifluatex.sty
Package: ifluatex 2009/04/17 v1.2 Provides the ifluatex switch (HO)
Package ifluatex Info: LuaTeX not detected.
)
(/usr/share/texmf-texlive/tex/generic/oberdiek/ltxcmds.sty
Package: ltxcmds 2009/08/05 v1.0 Some LaTeX kernel commands for general use (HO
)
)
Package pdftexcmds Info: LuaTeX not detected.
Package pdftexcmds Info: \pdf@primitive is available.
Package pdftexcmds Info: \pdf@ifprimitive is available.
)))
\Fld@menulength=\count96
\Field@Width=\dimen114
\Fld@charsize=\dimen115
\Field@toks=\toks27
Package hyperref Info: Hyper figures OFF on input line 4377.
Package hyperref Info: Link nesting OFF on input line 4382.
Package hyperref Info: Hyper index ON on input line 4385.
Package hyperref Info: backreferencing OFF on input line 4392.
Package hyperref Info: Link coloring OFF on input line 4397.
Package hyperref Info: Link coloring with OCG OFF on input line 4402.
Package hyperref Info: PDF/A mode OFF on input line 4407.

(/usr/share/texmf-texlive/tex/generic/oberdiek/atbegshi.sty
Package: atbegshi 2008/07/31 v1.9 At begin shipout hook (HO)
)
\Hy@abspage=\count97
\c@Item=\count98
\c@Hfootnote=\count99
)
*hyperref using driver hpdftex*
(/usr/share/texmf-texlive/tex/latex/hyperref/hpdftex.def
File: hpdftex.def 2009/10/09 v6.79a Hyperref driver for pdfTeX
\Fld@listcount=\count100
) (./background.sty)
(./pagetrans.sty) (./pause.sty)
(/usr/share/texmf-texlive/tex/latex/tools/enumerate.sty
Package: enumerate 1999/03/05 v3.00 enumerate extensions (DPC)
\@enLab=\toks28
)
(/usr/share/texmf-texlive/tex/latex/tools/multicol.sty
Package: multicol 2008/12/05 v1.6h multicolumn formatting (FMi)
\c@tracingmulticols=\count101
\mult@box=\box31
\multicol@leftmargin=\dimen116
\c@unbalance=\count102
\c@collectmore=\count103
\doublecol@number=\count104
\multicoltolerance=\count105
\multicolpretolerance=\count106
\full@width=\dimen117
\page@free=\dimen118
\premulticols=\dimen119
\postmulticols=\dimen120
\multicolsep=\skip44
\multicolbaselineskip=\skip45
\partial@page=\box32
\last@line=\box33
\mult@rightbox=\box34
\mult@grightbox=\box35
\mult@gfirstbox=\box36
\mult@firstbox=\box37
\@tempa=\box38
\@tempa=\box39
\@tempa=\box40
\@tempa=\box41
\@tempa=\box42
\@tempa=\box43
\@tempa=\box44
\@tempa=\box45
\@tempa=\box46
\@tempa=\box47
\@tempa=\box48
\@tempa=\box49
\@tempa=\box50
\@tempa=\box51
\@tempa=\box52
\@tempa=\box53
\@tempa=\box54
\c@columnbadness=\count107
\c@finalcolumnbadness=\count108
\last@try=\dimen121
\multicolovershoot=\dimen122
\multicolundershoot=\dimen123
\mult@nat@firstbox=\box55
\colbreak@box=\box56
)
(/usr/share/texmf-texlive/tex/latex/tools/tabularx.sty
Package: tabularx 1999/01/07 v2.07 `tabularx' package (DPC)

(/usr/share/texmf-texlive/tex/latex/tools/array.sty
Package: array 2008/09/09 v2.4c Tabular extension package (FMi)
\col@sep=\dimen124
\extrarowheight=\dimen125
\NC@list=\toks29
\extratabsurround=\skip46
\backup@length=\skip47
)
\TX@col@width=\dimen126
\TX@old@table=\dimen127
\TX@old@col=\dimen128
\TX@target=\dimen129
\TX@delta=\dimen130
\TX@cols=\count109
\TX@ftn=\toks30
)
(/usr/share/texmf-texlive/tex/latex/base/inputenc.sty
Package: inputenc 2008/03/30 v1.1d Input encoding file
\inpenc@prehook=\toks31
\inpenc@posthook=\toks32

(/usr/share/texmf-texlive/tex/latex/base/latin1.def
File: latin1.def 2008/03/30 v1.1d Input encoding file
))
(/usr/share/texmf-texlive/tex/latex/seminar/seminar.bug)
(/usr/share/texmf-texlive/tex/latex/seminar/seminar.bg2
seminar.bg2: various corrections for the Seminar document class
added since seminar.bug and few add-ons for overlays
(Version 2.1 of <May 31, 2002> (D.G.))
\Seminar@SlideBoxBackground=\box57
)
Package hyperref Info: Option `bookmarksopen' set `true' on input line 74.
Package hyperref Info: Option `colorlinks' set `true' on input line 78.
Package color Info: Redefining color botcol on input line 83.
Package color Info: Redefining color medcol on input line 84.
 (/usr/share/texmf-texlive/tex/latex/colortbl/colortbl.sty
Package: colortbl 2001/02/13 v0.1j Color table columns (DPC)
\everycr=\toks33
\minrowclearance=\skip48
))
(/usr/share/texmf-texlive/tex/generic/babel/babel.sty
Package: babel 2008/07/06 v3.8l The Babel package

(/usr/share/texmf-texlive/tex/generic/babel/portuges.ldf
Language: portuges 2008/03/18 v1.2q Portuguese support from the babel system

(/usr/share/texmf-texlive/tex/generic/babel/babel.def
File: babel.def 2008/07/06 v3.8l Babel common definitions
\babel@savecnt=\count110
\U@D=\dimen131
)

Package babel Warning: No hyphenation patterns were loaded for
(babel)                the language `Portuguese'
(babel)                I will use the patterns loaded for \language=0 instead.

\l@portuges = a dialect from \language0
\l@brazil = a dialect from \language\l@portuges 
Package babel Info: Making " an active character on input line 145.
)) (./algorithmic.sty
Package: algorithmic 2009/08/24 v0.1 Document Style `algorithmic'
\c@ALC@unique=\count111
\c@ALC@line=\count112
\c@ALC@rem=\count113
\c@ALC@depth=\count114
\ALC@tlm=\skip49
\algorithmicindent=\skip50
) (/usr/share/texmf-texlive/tex/latex/graphics/epsfig.sty
Package: epsfig 1999/02/16 v1.7a (e)psfig emulation (SPQR)
\epsfxsize=\dimen132
\epsfysize=\dimen133
) (/usr/share/texmf-texlive/tex/latex/base/alltt.sty
Package: alltt 1997/06/16 v2.0g defines alltt environment
)
(/usr/share/texmf-texlive/tex/latex/fancyvrb/fancyvrb.sty
Package: fancyvrb 2008/02/07

Style option: `fancyvrb' v2.7a, with DG/SPQR fixes, and firstline=lastline fix 
<2008/02/07> (tvz)
\FV@CodeLineNo=\count115
\FV@InFile=\read2
\FV@TabBox=\box58
\c@FancyVerbLine=\count116
\FV@StepNumber=\count117
\FV@OutFile=\write4
) (/usr/share/texmf-texlive/tex/latex/amsfonts/amssymb.sty
Package: amssymb 2009/06/22 v3.00

(/usr/share/texmf-texlive/tex/latex/amsfonts/amsfonts.sty
Package: amsfonts 2009/06/22 v3.00 Basic AMSFonts support
\@emptytoks=\toks34
\symAMSa=\mathgroup4
\symAMSb=\mathgroup5
LaTeX Font Info:    Overwriting math alphabet `\mathfrak' in version `bold'
(Font)                  U/euf/m/n --> U/euf/b/n on input line 96.
))
(/usr/share/texmf-texlive/tex/latex/listings/listings.sty
\lst@mode=\count118
\lst@gtempboxa=\box59
\lst@token=\toks35
\lst@length=\count119
\lst@currlwidth=\dimen134
\lst@column=\count120
\lst@pos=\count121
\lst@lostspace=\dimen135
\lst@width=\dimen136
\lst@newlines=\count122
\lst@lineno=\count123
\lst@maxwidth=\dimen137

(/usr/share/texmf-texlive/tex/latex/listings/lstmisc.sty
File: lstmisc.sty 2007/02/22 1.4 (Carsten Heinz)
\c@lstnumber=\count124
\lst@skipnumbers=\count125
\lst@framebox=\box60
)
(/usr/share/texmf-texlive/tex/latex/listings/listings.cfg
File: listings.cfg 2007/02/22 1.4 listings configuration
))
Package: listings 2007/02/22 1.4 (Carsten Heinz)

(/usr/share/texmf-texlive/tex/latex/float/float.sty
Package: float 2001/11/08 v1.3d Float enhancements (AL)
\c@float@type=\count126
\float@exts=\toks36
\float@box=\box61
\@float@everytoks=\toks37
\@floatcapt=\box62
)
(/usr/share/texmf-texlive/tex/latex/ctable/ctable.sty
Package: ctable 2009/09/17 v1.15 ctable package

(/usr/share/texmf-texlive/tex/latex/xkeyval/xkeyval.sty
Package: xkeyval 2008/08/13 v2.6a package option processing (HA)

(/usr/share/texmf-texlive/tex/generic/xkeyval/xkeyval.tex
\XKV@toks=\toks38
\XKV@tempa@toks=\toks39
\XKV@depth=\count127
File: xkeyval.tex 2008/08/13 v2.6a key=value parser (HA)
))
(/usr/share/texmf-texlive/tex/latex/booktabs/booktabs.sty
Package: booktabs 2005/04/14 v1.61803 publication quality tables
\heavyrulewidth=\dimen138
\lightrulewidth=\dimen139
\cmidrulewidth=\dimen140
\belowrulesep=\dimen141
\belowbottomsep=\dimen142
\aboverulesep=\dimen143
\abovetopsep=\dimen144
\cmidrulesep=\dimen145
\cmidrulekern=\dimen146
\defaultaddspace=\dimen147
\@cmidla=\count128
\@cmidlb=\count129
\@aboverulesep=\dimen148
\@belowrulesep=\dimen149
\@thisruleclass=\count130
\@lastruleclass=\count131
\@thisrulewidth=\dimen150
)
(/usr/share/texmf-texlive/tex/latex/rotating/rotating.sty
Package: rotating 2009/03/28 v2.16a rotated objects in LaTeX
\c@r@tfl@t=\count132
\rotFPtop=\skip51
\rotFPbot=\skip52
\rot@float@box=\box63
\rot@mess@toks=\toks40
)
\@ctblframesep=\dimen151
\@ctblframerule=\dimen152
\@ctblwidth=\dimen153
\@ctblcaptionskip=\dimen154
\@ctblmaxwidth=\dimen155
\@ctblmincapwidth=\dimen156
\@ctblw=\dimen157
\@ctblfloatwidth=\dimen158
\@ctbloldsep=\dimen159
\@ctbloldrule=\dimen160
\ctbl@t=\box64
)
(./aListaEncadeada.aux)
\openout1 = `aListaEncadeada.aux'.

LaTeX Font Info:    Checking defaults for OML/cmm/m/it on input line 24.
LaTeX Font Info:    ... okay on input line 24.
LaTeX Font Info:    Checking defaults for T1/cmr/m/n on input line 24.
LaTeX Font Info:    ... okay on input line 24.
LaTeX Font Info:    Checking defaults for OT1/cmr/m/n on input line 24.
LaTeX Font Info:    ... okay on input line 24.
LaTeX Font Info:    Checking defaults for OMS/cmsy/m/n on input line 24.
LaTeX Font Info:    ... okay on input line 24.
LaTeX Font Info:    Checking defaults for OMX/cmex/m/n on input line 24.
LaTeX Font Info:    ... okay on input line 24.
LaTeX Font Info:    Checking defaults for U/cmr/m/n on input line 24.
LaTeX Font Info:    ... okay on input line 24.
LaTeX Font Info:    Checking defaults for PD1/pdf/m/n on input line 24.
LaTeX Font Info:    ... okay on input line 24.

(/usr/share/texmf-texlive/tex/context/base/supp-pdf.mkii
[Loading MPS to PDF converter (version 2006.09.02).]
\scratchcounter=\count133
\scratchdimen=\dimen161
\scratchbox=\box65
\nofMPsegments=\count134
\nofMParguments=\count135
\everyMPshowfont=\toks41
\MPscratchCnt=\count136
\MPscratchDim=\dimen162
\MPnumerator=\count137
\everyMPtoPDFconversion=\toks42
)
Package hyperref Info: Link coloring ON on input line 24.
 (/usr/share/texmf-texlive/tex/latex/hyperref/nameref.sty
Package: nameref 2007/05/29 v2.31 Cross-referencing by name of section

(/usr/share/texmf-texlive/tex/latex/oberdiek/refcount.sty
Package: refcount 2008/08/11 v3.1 Data extraction from references (HO)
)
\c@section@level=\count138
)
LaTeX Info: Redefining \ref on input line 24.
LaTeX Info: Redefining \pageref on input line 24.

(./aListaEncadeada.out) (./aListaEncadeada.out)
\@outlinefile=\write5
\openout5 = `aListaEncadeada.out'.

\AtBeginShipoutBox=\box66
\c@lstlisting=\count139

(/usr/share/texmf-texlive/tex/latex/amsfonts/umsa.fd)
(/usr/share/texmf-texlive/tex/latex/amsfonts/umsb.fd)
Overfull \hbox (1.83334pt too wide) has occurred while \output is active
[] 
 []


Overfull \hbox (1.83334pt too wide) has occurred while \output is active
[][] 
 []

[1


pdfTeX warning (ext4): destination with the same identifier (name{1.-1}) has be
en already used, duplicate ignored

\AtBegShi@Output ...ipout \box \AtBeginShipoutBox 
                                                  \fi \fi 
l.43 \maketitle
               {/var/lib/texmf/fonts/map/pdftex/updmap/pdftex.map}]
Overfull \hbox (1.83334pt too wide) has occurred while \output is active
[] 
 []


Overfull \hbox (1.83334pt too wide) has occurred while \output is active
[][] 
 []

[2

pdfTeX warning (ext4): destination with the same identifier (name{2.0}) has bee
n already used, duplicate ignored

\AtBegShi@Output ...ipout \box \AtBeginShipoutBox 
                                                  \fi \fi 
l.52 \end{Slide}
                ]
Overfull \hbox (1.83334pt too wide) has occurred while \output is active
[] 
 []


Overfull \hbox (1.83334pt too wide) has occurred while \output is active
[][] 
 []

[3

pdfTeX warning (ext4): destination with the same identifier (name{3.0}) has bee
n already used, duplicate ignored

\AtBegShi@Output ...ipout \box \AtBeginShipoutBox 
                                                  \fi \fi 
l.59 \end{Slide}
                ]
Overfull \hbox (1.83334pt too wide) has occurred while \output is active
[] 
 []


Overfull \hbox (1.83334pt too wide) has occurred while \output is active
[][] 
 []

[4

pdfTeX warning (ext4): destination with the same identifier (name{4.-1}) has be
en already used, duplicate ignored

\AtBegShi@Output ...ipout \box \AtBeginShipoutBox 
                                                  \fi \fi 
l.62 \end{PartSlide}
                    ] <figuras/fig-01.pdf, id=177, 1135.24126pt x 251.94125pt>
File: figuras/fig-01.pdf Graphic file (type pdf)

<use figuras/fig-01.pdf>
Overfull \hbox (1.83334pt too wide) has occurred while \output is active
[] 
 []


Overfull \hbox (1.83334pt too wide) has occurred while \output is active
[][] 
 []

[5

pdfTeX warning (ext4): destination with the same identifier (name{5.0}) has bee
n already used, duplicate ignored

\AtBegShi@Output ...ipout \box \AtBeginShipoutBox 
                                                  \fi \fi 
l.78 \end{Slide}
                 <./figuras/fig-01.pdf>]
Overfull \hbox (1.83334pt too wide) has occurred while \output is active
[] 
 []


Overfull \hbox (1.83334pt too wide) has occurred while \output is active
[][] 
 []

[6

pdfTeX warning (ext4): destination with the same identifier (name{6.0}) has bee
n already used, duplicate ignored

\AtBegShi@Output ...ipout \box \AtBeginShipoutBox 
                                                  \fi \fi 
l.89 \end{Slide}
                ] <figuras/fig-02.pdf, id=192, 1155.31625pt x 201.75375pt>
File: figuras/fig-02.pdf Graphic file (type pdf)

<use figuras/fig-02.pdf>
Overfull \hbox (1.83334pt too wide) has occurred while \output is active
[] 
 []


Overfull \hbox (1.83334pt too wide) has occurred while \output is active
[][] 
 []

[7

pdfTeX warning (ext4): destination with the same identifier (name{7.0}) has bee
n already used, duplicate ignored

\AtBegShi@Output ...ipout \box \AtBeginShipoutBox 
                                                  \fi \fi 
l.106 \newpage
               <./figuras/fig-02.pdf>]
Overfull \hbox (1.83334pt too wide) has occurred while \output is active
[] 
 []


Overfull \hbox (1.83334pt too wide) has occurred while \output is active
[][] 
 []

[8]
Overfull \hbox (1.83334pt too wide) has occurred while \output is active
[] 
 []


Overfull \hbox (1.83334pt too wide) has occurred while \output is active
[][] 
 []

[9

pdfTeX warning (ext4): destination with the same identifier (name{9.0}) has bee
n already used, duplicate ignored

\AtBegShi@Output ...ipout \box \AtBeginShipoutBox 
                                                  \fi \fi 
l.120 \end{Slide}
                 ]
Overfull \hbox (1.83334pt too wide) has occurred while \output is active
[] 
 []


Overfull \hbox (1.83334pt too wide) has occurred while \output is active
[][] 
 []

[10

pdfTeX warning (ext4): destination with the same identifier (name{10.0}) has be
en already used, duplicate ignored

\AtBegShi@Output ...ipout \box \AtBeginShipoutBox 
                                                  \fi \fi 
l.129 \end{Slide}
                 ] <figuras/fig-03.pdf, id=219, 1004.75375pt x 352.31625pt>
File: figuras/fig-03.pdf Graphic file (type pdf)

<use figuras/fig-03.pdf>
Overfull \hbox (1.83334pt too wide) has occurred while \output is active
[] 
 []


Overfull \hbox (1.83334pt too wide) has occurred while \output is active
[][] 
 []

[11

pdfTeX warning (ext4): destination with the same identifier (name{11.0}) has be
en already used, duplicate ignored

\AtBegShi@Output ...ipout \box \AtBeginShipoutBox 
                                                  \fi \fi 
l.140 \end{Slide}
                  <./figuras/fig-03.pdf>]
Overfull \hbox (1.83334pt too wide) has occurred while \output is active
[] 
 []


Overfull \hbox (1.83334pt too wide) has occurred while \output is active
[][] 
 []

[12

pdfTeX warning (ext4): destination with the same identifier (name{12.0}) has be
en already used, duplicate ignored

\AtBegShi@Output ...ipout \box \AtBeginShipoutBox 
                                                  \fi \fi 
l.149 \end{Slide}
                 ]
Overfull \hbox (1.83334pt too wide) has occurred while \output is active
[] 
 []


Overfull \hbox (1.83334pt too wide) has occurred while \output is active
[][] 
 []

[13

pdfTeX warning (ext4): destination with the same identifier (name{13.0}) has be
en already used, duplicate ignored

\AtBegShi@Output ...ipout \box \AtBeginShipoutBox 
                                                  \fi \fi 
l.158 \end{Slide}
                 ]
Overfull \hbox (1.83334pt too wide) has occurred while \output is active
[] 
 []


Overfull \hbox (1.83334pt too wide) has occurred while \output is active
[][] 
 []

[14

pdfTeX warning (ext4): destination with the same identifier (name{14.0}) has be
en already used, duplicate ignored

\AtBegShi@Output ...ipout \box \AtBeginShipoutBox 
                                                  \fi \fi 
l.167 \end{Slide}
                 ]
Overfull \hbox (1.83334pt too wide) has occurred while \output is active
[] 
 []


Overfull \hbox (1.83334pt too wide) has occurred while \output is active
[][] 
 []

[15

pdfTeX warning (ext4): destination with the same identifier (name{15.0}) has be
en already used, duplicate ignored

\AtBegShi@Output ...ipout \box \AtBeginShipoutBox 
                                                  \fi \fi 
l.176 \end{Slide}
                 ]
Overfull \hbox (1.83334pt too wide) has occurred while \output is active
[] 
 []


Overfull \hbox (1.83334pt too wide) has occurred while \output is active
[][] 
 []

[16

pdfTeX warning (ext4): destination with the same identifier (name{16.0}) has be
en already used, duplicate ignored

\AtBegShi@Output ...ipout \box \AtBeginShipoutBox 
                                                  \fi \fi 
l.185 \end{Slide}
                 ]
Overfull \hbox (1.83334pt too wide) has occurred while \output is active
[] 
 []


Overfull \hbox (1.83334pt too wide) has occurred while \output is active
[][] 
 []

[17

pdfTeX warning (ext4): destination with the same identifier (name{17.0}) has be
en already used, duplicate ignored

\AtBegShi@Output ...ipout \box \AtBeginShipoutBox 
                                                  \fi \fi 
l.194 \newpage
              ]
Overfull \hbox (1.83334pt too wide) has occurred while \output is active
[] 
 []


Overfull \hbox (1.83334pt too wide) has occurred while \output is active
[][] 
 []

[18]
Overfull \hbox (1.83334pt too wide) has occurred while \output is active
[] 
 []


Overfull \hbox (1.83334pt too wide) has occurred while \output is active
[][] 
 []

[19

pdfTeX warning (ext4): destination with the same identifier (name{19.0}) has be
en already used, duplicate ignored

\AtBegShi@Output ...ipout \box \AtBeginShipoutBox 
                                                  \fi \fi 
l.211 \end{Slide}
                 ] <figuras/fig-04.pdf, id=269, 1155.31625pt x 251.94125pt>
File: figuras/fig-04.pdf Graphic file (type pdf)

<use figuras/fig-04.pdf>
Overfull \hbox (1.83334pt too wide) has occurred while \output is active
[] 
 []


Overfull \hbox (1.83334pt too wide) has occurred while \output is active
[][] 
 []

[20

pdfTeX warning (ext4): destination with the same identifier (name{20.0}) has be
en already used, duplicate ignored

\AtBegShi@Output ...ipout \box \AtBeginShipoutBox 
                                                  \fi \fi 
l.224 \newpage
               <./figuras/fig-04.pdf>]
<figuras/fig-05.pdf, id=278, 1105.12875pt x 251.94125pt>
File: figuras/fig-05.pdf Graphic file (type pdf)

<use figuras/fig-05.pdf>
Overfull \hbox (1.83334pt too wide) has occurred while \output is active
[] 
 []


Overfull \hbox (1.83334pt too wide) has occurred while \output is active
[][] 
 []

[21 <./figuras/fig-05.pdf>]

LaTeX Warning: Slide 22 overfull by 10.75246pt on input line 241.


Overfull \vbox (10.75246pt too high) has occurred while \output is active []


Overfull \hbox (1.83334pt too wide) has occurred while \output is active
[] 
 []


Overfull \hbox (1.83334pt too wide) has occurred while \output is active
[][] 
 []

[22]

LaTeX Warning: Slide 23 overfull by 2.38986pt on input line 258.


Overfull \hbox (1.83334pt too wide) has occurred while \output is active
[] 
 []


Overfull \hbox (1.83334pt too wide) has occurred while \output is active
[][] 
 []

[23

pdfTeX warning (ext4): destination with the same identifier (name{23.0}) has be
en already used, duplicate ignored

\AtBegShi@Output ...ipout \box \AtBeginShipoutBox 
                                                  \fi \fi 
l.258 \end{Slide}
                 ] <figuras/fig-06.pdf, id=295, 1105.12875pt x 282.05376pt>
File: figuras/fig-06.pdf Graphic file (type pdf)

<use figuras/fig-06.pdf>
Overfull \hbox (1.83334pt too wide) has occurred while \output is active
[] 
 []


Overfull \hbox (1.83334pt too wide) has occurred while \output is active
[][] 
 []

[24

pdfTeX warning (ext4): destination with the same identifier (name{24.0}) has be
en already used, duplicate ignored

\AtBegShi@Output ...ipout \box \AtBeginShipoutBox 
                                                  \fi \fi 
l.268 \newpage
               <./figuras/fig-06.pdf>]

LaTeX Warning: Slide 25 overfull by 3.6725pt on input line 276.


Overfull \vbox (3.6725pt too high) has occurred while \output is active []


Overfull \hbox (1.83334pt too wide) has occurred while \output is active
[] 
 []


Overfull \hbox (1.83334pt too wide) has occurred while \output is active
[][] 
 []

[25] <figuras/fig-07.pdf, id=309, 1155.31625pt x 251.94125pt>
File: figuras/fig-07.pdf Graphic file (type pdf)

<use figuras/fig-07.pdf>
Overfull \hbox (1.83334pt too wide) has occurred while \output is active
[] 
 []


Overfull \hbox (1.83334pt too wide) has occurred while \output is active
[][] 
 []

[26

pdfTeX warning (ext4): destination with the same identifier (name{26.0}) has be
en already used, duplicate ignored

\AtBegShi@Output ...ipout \box \AtBeginShipoutBox 
                                                  \fi \fi 
l.287 \end{Slide}
                  <./figuras/fig-07.pdf>]
Overfull \hbox (1.83334pt too wide) has occurred while \output is active
[] 
 []


Overfull \hbox (1.83334pt too wide) has occurred while \output is active
[][] 
 []

[27

pdfTeX warning (ext4): destination with the same identifier (name{27.0}) has be
en already used, duplicate ignored

\AtBegShi@Output ...ipout \box \AtBeginShipoutBox 
                                                  \fi \fi 
l.298 \end{Slide}
                 ]
Overfull \hbox (1.83334pt too wide) has occurred while \output is active
[] 
 []


Overfull \hbox (1.83334pt too wide) has occurred while \output is active
[][] 
 []

[28

pdfTeX warning (ext4): destination with the same identifier (name{28.0}) has be
en already used, duplicate ignored

\AtBegShi@Output ...ipout \box \AtBeginShipoutBox 
                                                  \fi \fi 
l.307 \end{Slide}
                 ]
Overfull \hbox (1.83334pt too wide) has occurred while \output is active
[] 
 []


Overfull \hbox (1.83334pt too wide) has occurred while \output is active
[][] 
 []

[29

pdfTeX warning (ext4): destination with the same identifier (name{29.0}) has be
en already used, duplicate ignored

\AtBegShi@Output ...ipout \box \AtBeginShipoutBox 
                                                  \fi \fi 
l.316 \end{Slide}
                 ]
Overfull \hbox (1.83334pt too wide) has occurred while \output is active
[] 
 []


Overfull \hbox (1.83334pt too wide) has occurred while \output is active
[][] 
 []

[30

pdfTeX warning (ext4): destination with the same identifier (name{30.0}) has be
en already used, duplicate ignored

\AtBegShi@Output ...ipout \box \AtBeginShipoutBox 
                                                  \fi \fi 
l.324 \end{Slide}
                 ]

LaTeX Warning: Slide 31 overfull by 6.63533pt on input line 333.


Overfull \hbox (1.83334pt too wide) has occurred while \output is active
[] 
 []


Overfull \hbox (1.83334pt too wide) has occurred while \output is active
[][] 
 []

[31

pdfTeX warning (ext4): destination with the same identifier (name{31.0}) has be
en already used, duplicate ignored

\AtBegShi@Output ...ipout \box \AtBeginShipoutBox 
                                                  \fi \fi 
l.333 \end{Slide}
                 ]
Overfull \hbox (1.83334pt too wide) has occurred while \output is active
[] 
 []


Overfull \hbox (1.83334pt too wide) has occurred while \output is active
[][] 
 []

[32

pdfTeX warning (ext4): destination with the same identifier (name{32.0}) has be
en already used, duplicate ignored

\AtBegShi@Output ...ipout \box \AtBeginShipoutBox 
                                                  \fi \fi 
l.351 \end{Slide}
                 ]

LaTeX Warning: Slide 33 overfull by 6.98534pt on input line 360.


Overfull \vbox (2.13591pt too high) has occurred while \output is active []


Overfull \hbox (1.83334pt too wide) has occurred while \output is active
[] 
 []


Overfull \hbox (1.83334pt too wide) has occurred while \output is active
[][] 
 []

[33

pdfTeX warning (ext4): destination with the same identifier (name{33.0}) has be
en already used, duplicate ignored

\AtBegShi@Output ...ipout \box \AtBeginShipoutBox 
                                                  \fi \fi 
l.360 \end{Slide}
                 ]
Overfull \hbox (1.83334pt too wide) has occurred while \output is active
[] 
 []


Overfull \hbox (1.83334pt too wide) has occurred while \output is active
[][] 
 []

[34

pdfTeX warning (ext4): destination with the same identifier (name{34.0}) has be
en already used, duplicate ignored

\AtBegShi@Output ...ipout \box \AtBeginShipoutBox 
                                                  \fi \fi 
l.377 \end{Slide}
                 ]
Overfull \hbox (1.83334pt too wide) has occurred while \output is active
[] 
 []


Overfull \hbox (1.83334pt too wide) has occurred while \output is active
[][] 
 []

[35

pdfTeX warning (ext4): destination with the same identifier (name{35.0}) has be
en already used, duplicate ignored

\AtBegShi@Output ...ipout \box \AtBeginShipoutBox 
                                                  \fi \fi 
l.386 \end{Slide}
                 ]
Overfull \hbox (1.83334pt too wide) has occurred while \output is active
[] 
 []


Overfull \hbox (1.83334pt too wide) has occurred while \output is active
[][] 
 []

[36

pdfTeX warning (ext4): destination with the same identifier (name{36.0}) has be
en already used, duplicate ignored

\AtBegShi@Output ...ipout \box \AtBeginShipoutBox 
                                                  \fi \fi 
l.396 \newpage
              ]
Overfull \hbox (1.83334pt too wide) has occurred while \output is active
[] 
 []


Overfull \hbox (1.83334pt too wide) has occurred while \output is active
[][] 
 []

[37]

LaTeX Warning: Slide 38 overfull by 6.98534pt on input line 416.


Overfull \vbox (2.13591pt too high) has occurred while \output is active []


Overfull \hbox (1.83334pt too wide) has occurred while \output is active
[] 
 []


Overfull \hbox (1.83334pt too wide) has occurred while \output is active
[][] 
 []

[38

pdfTeX warning (ext4): destination with the same identifier (name{38.0}) has be
en already used, duplicate ignored

\AtBegShi@Output ...ipout \box \AtBeginShipoutBox 
                                                  \fi \fi 
l.416 \end{Slide}
                 ]

LaTeX Warning: Slide 39 overfull by 8.79639pt on input line 425.


Overfull \vbox (3.94696pt too high) has occurred while \output is active []


Overfull \hbox (1.83334pt too wide) has occurred while \output is active
[] 
 []


Overfull \hbox (1.83334pt too wide) has occurred while \output is active
[][] 
 []

[39

pdfTeX warning (ext4): destination with the same identifier (name{39.0}) has be
en already used, duplicate ignored

\AtBegShi@Output ...ipout \box \AtBeginShipoutBox 
                                                  \fi \fi 
l.425 \end{Slide}
                 ]
Overfull \hbox (1.83334pt too wide) has occurred while \output is active
[] 
 []


Overfull \hbox (1.83334pt too wide) has occurred while \output is active
[][] 
 []

[40

pdfTeX warning (ext4): destination with the same identifier (name{40.-1}) has b
een already used, duplicate ignored

\AtBegShi@Output ...ipout \box \AtBeginShipoutBox 
                                                  \fi \fi 
l.428 \end{PartSlide}
                     ]
Overfull \hbox (1.83334pt too wide) has occurred while \output is active
[] 
 []


Overfull \hbox (1.83334pt too wide) has occurred while \output is active
[][] 
 []

[41

pdfTeX warning (ext4): destination with the same identifier (name{41.0}) has be
en already used, duplicate ignored

\AtBegShi@Output ...ipout \box \AtBeginShipoutBox 
                                                  \fi \fi 
l.435 \end{Slide}
                 ]
Overfull \hbox (1.83334pt too wide) has occurred while \output is active
[] 
 []


Overfull \hbox (1.83334pt too wide) has occurred while \output is active
[][] 
 []

[42

pdfTeX warning (ext4): destination with the same identifier (name{42.0}) has be
en already used, duplicate ignored

\AtBegShi@Output ...ipout \box \AtBeginShipoutBox 
                                                  \fi \fi 
l.442 \end{Slide}
                 ]
Overfull \hbox (1.83334pt too wide) has occurred while \output is active
[] 
 []


Overfull \hbox (1.83334pt too wide) has occurred while \output is active
[][] 
 []

[43

pdfTeX warning (ext4): destination with the same identifier (name{43.0}) has be
en already used, duplicate ignored

\AtBegShi@Output ...ipout \box \AtBeginShipoutBox 
                                                  \fi \fi 
l.452 \end{Slide}
                 ]

*******************************************************
***** !! PRINT THIS DOCUMENT IN LANDSCAPE MODE !! *****
*******************************************************
(./aListaEncadeada.aux) ) 
Here is how much of TeX's memory you used:
 8258 strings out of 495061
 115225 string characters out of 1182622
 202458 words of memory out of 3000000
 11124 multiletter control sequences out of 15000+50000
 8986 words of font info for 35 fonts, out of 3000000 for 9000
 28 hyphenation exceptions out of 8191
 45i,16n,32p,298b,706s stack positions out of 5000i,500n,10000p,200000b,50000s
</usr/share/texmf-texlive/fonts/type1/public/amsfonts/
cm/cmmi10.pfb></usr/share/texmf-texlive/fonts/type1/public/amsfonts/cm/cmr10.pf
b></usr/share/texmf-texlive/fonts/type1/public/amsfonts/cm/cmr5.pfb></usr/share
/texmf-texlive/fonts/type1/public/amsfonts/cm/cmss10.pfb></usr/share/texmf-texl
ive/fonts/type1/public/amsfonts/cm/cmss12.pfb></usr/share/texmf-texlive/fonts/t
ype1/public/amsfonts/cm/cmss17.pfb></usr/share/texmf-texlive/fonts/type1/public
/amsfonts/cm/cmss8.pfb></usr/share/texmf-texlive/fonts/type1/public/amsfonts/cm
/cmss9.pfb></usr/share/texmf-texlive/fonts/type1/public/amsfonts/cm/cmssbx10.pf
b></usr/share/texmf-texlive/fonts/type1/public/amsfonts/cm/cmsy10.pfb></usr/sha
re/texmf-texlive/fonts/type1/public/amsfonts/cm/cmtt8.pfb></usr/share/texmf-tex
live/fonts/type1/public/amsfonts/cm/cmtt9.pfb>
Output written on aListaEncadeada.pdf (43 pages, 285026 bytes).
PDF statistics:
 473 PDF objects out of 1000 (max. 8388607)
 115 named destinations out of 1000 (max. 500000)
 332 words of extra memory for PDF output out of 10000 (max. 10000000)

