\BOOKMARK [-1][]{1.-1}{Listas Encadeadas}{}
\BOOKMARK [0][]{2.0}{T\363picos Principais}{1.-1}
\BOOKMARK [0][]{3.0}{T\363picos complementares}{1.-1}
\BOOKMARK [-1][]{4.-1}{T\363picos Principais}{}
\BOOKMARK [0][]{5.0}{Motiva\347\343o}{4.-1}
\BOOKMARK [0][]{6.0}{Motiva\347\343o}{4.-1}
\BOOKMARK [0][]{7.0}{Listas Encadeadas}{4.-1}
\BOOKMARK [0][]{9.0}{Estrutura com ponteiro para ela mesma}{4.-1}
\BOOKMARK [0][]{10.0}{Cria\347\343o da lista vazia}{4.-1}
\BOOKMARK [0][]{11.0}{Listas encadeadas de inteiros: inser\347\343o}{4.-1}
\BOOKMARK [0][]{12.0}{Listas encadeadas de inteiros: inser\347\343o}{4.-1}
\BOOKMARK [0][]{13.0}{Exemplo de utiliza\347\343o}{4.-1}
\BOOKMARK [0][]{14.0}{Fun\347\343o que percorre os elementos da lista}{4.-1}
\BOOKMARK [0][]{15.0}{Exemplo de utiliza\347\343o}{4.-1}
\BOOKMARK [0][]{16.0}{Fun\347\343o que verifica se a lista est\341 vazia}{4.-1}
\BOOKMARK [0][]{17.0}{Fun\347\343o de busca}{4.-1}
\BOOKMARK [0][]{19.0}{Exemplo de utiliza\347\343o da fun\347\343o de busca}{4.-1}
\BOOKMARK [0][]{20.0}{Fun\347\343o que retira um elemento da lista}{4.-1}
\BOOKMARK [0][]{23.0}{Fun\347\343o para liberar a lista}{4.-1}
\BOOKMARK [0][]{24.0}{Manuten\347\343o da lista ordenada}{4.-1}
\BOOKMARK [0][]{26.0}{Defini\347\343o recursiva de lista}{4.-1}
\BOOKMARK [0][]{27.0}{Exemplo: fun\347\343o recursiva para imprimir uma lista}{4.-1}
\BOOKMARK [0][]{28.0}{Fun\347\343o imprime recursiva}{4.-1}
\BOOKMARK [0][]{29.0}{Fun\347\343o imprime recursiva invertida}{4.-1}
\BOOKMARK [0][]{30.0}{Exemplo: fun\347\343o para retirar um elemento da lista}{4.-1}
\BOOKMARK [0][]{31.0}{Fun\347\343o retira elemento recursiva}{4.-1}
\BOOKMARK [0][]{32.0}{Igualdade de listas}{4.-1}
\BOOKMARK [0][]{33.0}{Listas iguais: n\343o recursiva}{4.-1}
\BOOKMARK [0][]{34.0}{Igualdade de listas}{4.-1}
\BOOKMARK [0][]{35.0}{Listas iguais: recursiva}{4.-1}
\BOOKMARK [0][]{36.0}{Listas de tipos estruturados}{4.-1}
\BOOKMARK [0][]{38.0}{Listas de tipos estruturados}{4.-1}
\BOOKMARK [0][]{39.0}{Listas heterog\352neas}{4.-1}
\BOOKMARK [-1][]{40.-1}{T\363picos Complementares}{}
\BOOKMARK [0][]{41.0}{T\363picos Complementares}{40.-1}
\BOOKMARK [0][]{42.0}{Material de consulta}{40.-1}
\BOOKMARK [0][]{43.0}{Material de refer\352ncia}{40.-1}
